This file contains any messages produced by compilers while
running configure, to aid debugging if configure makes a mistake.

It was created by string_f configure 1.0, which was
generated by GNU Autoconf 2.63.  Invocation command line was

  $ ./configure 

## --------- ##
## Platform. ##
## --------- ##

hostname = vm
uname -m = x86_64
uname -r = 4.15.0-54-generic
uname -s = Linux
uname -v = #58-Ubuntu SMP Mon Jun 24 10:55:24 UTC 2019

/usr/bin/uname -p = unknown
/bin/uname -X     = unknown

/bin/arch              = unknown
/usr/bin/arch -k       = unknown
/usr/convex/getsysinfo = unknown
/usr/bin/hostinfo      = unknown
/bin/machine           = unknown
/usr/bin/oslevel       = unknown
/bin/universe          = unknown

PATH: /usr/local/sbin
PATH: /usr/local/bin
PATH: /usr/sbin
PATH: /usr/bin
PATH: /sbin
PATH: /bin
PATH: /usr/games
PATH: /usr/local/games


## ----------- ##
## Core tests. ##
## ----------- ##

configure:1885: checking for a BSD-compatible install
configure:1953: result: /usr/bin/install -c
configure:1964: checking whether build environment is sane
configure:2007: result: yes
configure:2032: checking for a thread-safe mkdir -p
configure:2071: result: /bin/mkdir -p
configure:2084: checking for gawk
configure:2100: found /usr/bin/gawk
configure:2111: result: gawk
configure:2122: checking whether make sets $(MAKE)
configure:2144: result: yes
configure:2339: checking build system type
configure:2357: result: x86_64-unknown-linux-gnu
configure:2379: checking host system type
configure:2394: result: x86_64-unknown-linux-gnu
configure:2466: checking for gcc
configure:2482: found /usr/bin/gcc
configure:2493: result: gcc
configure:2725: checking for C compiler version
configure:2733: gcc --version >&5
gcc (Ubuntu 7.4.0-1ubuntu1~18.04.1) 7.4.0
Copyright (C) 2017 Free Software Foundation, Inc.
This is free software; see the source for copying conditions.  There is NO
warranty; not even for MERCHANTABILITY or FITNESS FOR A PARTICULAR PURPOSE.

configure:2737: $? = 0
configure:2744: gcc -v >&5
Using built-in specs.
COLLECT_GCC=gcc
COLLECT_LTO_WRAPPER=/usr/lib/gcc/x86_64-linux-gnu/7/lto-wrapper
OFFLOAD_TARGET_NAMES=nvptx-none
OFFLOAD_TARGET_DEFAULT=1
Target: x86_64-linux-gnu
Configured with: ../src/configure -v --with-pkgversion='Ubuntu 7.4.0-1ubuntu1~18.04.1' --with-bugurl=file:///usr/share/doc/gcc-7/README.Bugs --enable-languages=c,ada,c++,go,brig,d,fortran,objc,obj-c++ --prefix=/usr --with-gcc-major-version-only --program-suffix=-7 --program-prefix=x86_64-linux-gnu- --enable-shared --enable-linker-build-id --libexecdir=/usr/lib --without-included-gettext --enable-threads=posix --libdir=/usr/lib --enable-nls --with-sysroot=/ --enable-clocale=gnu --enable-libstdcxx-debug --enable-libstdcxx-time=yes --with-default-libstdcxx-abi=new --enable-gnu-unique-object --disable-vtable-verify --enable-libmpx --enable-plugin --enable-default-pie --with-system-zlib --with-target-system-zlib --enable-objc-gc=auto --enable-multiarch --disable-werror --with-arch-32=i686 --with-abi=m64 --with-multilib-list=m32,m64,mx32 --enable-multilib --with-tune=generic --enable-offload-targets=nvptx-none --without-cuda-driver --enable-checking=release --build=x86_64-linux-gnu --host=x86_64-linux-gnu --target=x86_64-linux-gnu
Thread model: posix
gcc version 7.4.0 (Ubuntu 7.4.0-1ubuntu1~18.04.1) 
configure:2748: $? = 0
configure:2755: gcc -V >&5
gcc: error: unrecognized command line option '-V'
gcc: fatal error: no input files
compilation terminated.
configure:2759: $? = 1
configure:2782: checking for C compiler default output file name
configure:2804: gcc    conftest.c  >&5
configure:2808: $? = 0
configure:2846: result: a.out
configure:2865: checking whether the C compiler works
configure:2875: ./a.out
configure:2879: $? = 0
configure:2898: result: yes
configure:2905: checking whether we are cross compiling
configure:2907: result: no
configure:2910: checking for suffix of executables
configure:2917: gcc -o conftest    conftest.c  >&5
configure:2921: $? = 0
configure:2947: result: 
configure:2953: checking for suffix of object files
configure:2979: gcc -c   conftest.c >&5
configure:2983: $? = 0
configure:3008: result: o
configure:3012: checking whether we are using the GNU C compiler
configure:3041: gcc -c   conftest.c >&5
configure:3048: $? = 0
configure:3065: result: yes
configure:3074: checking whether gcc accepts -g
configure:3104: gcc -c -g  conftest.c >&5
configure:3111: $? = 0
configure:3212: result: yes
configure:3229: checking for gcc option to accept ISO C89
configure:3303: gcc  -c -g -O2  conftest.c >&5
configure:3310: $? = 0
configure:3333: result: none needed
configure:3362: checking for style of include used by make
configure:3390: result: GNU
configure:3415: checking dependency style of gcc
configure:3506: result: gcc3
configure:3564: checking for ranlib
configure:3580: found /usr/bin/ranlib
configure:3591: result: ranlib
configure:3621: checking how to run the C preprocessor
configure:3661: gcc -E  conftest.c
configure:3668: $? = 0
configure:3699: gcc -E  conftest.c
conftest.c:10:10: fatal error: ac_nonexistent.h: No such file or directory
 #include <ac_nonexistent.h>
          ^~~~~~~~~~~~~~~~~~
compilation terminated.
configure:3706: $? = 1
configure: failed program was:
| /* confdefs.h.  */
| #define PACKAGE_NAME "string_f"
| #define PACKAGE_TARNAME "string_f"
| #define PACKAGE_VERSION "1.0"
| #define PACKAGE_STRING "string_f 1.0"
| #define PACKAGE_BUGREPORT "octopus-devel@tddft.org"
| #define PACKAGE "string_f"
| #define VERSION "1.0"
| /* end confdefs.h.  */
| #include <ac_nonexistent.h>
configure:3739: result: gcc -E
configure:3768: gcc -E  conftest.c
configure:3775: $? = 0
configure:3806: gcc -E  conftest.c
conftest.c:10:10: fatal error: ac_nonexistent.h: No such file or directory
 #include <ac_nonexistent.h>
          ^~~~~~~~~~~~~~~~~~
compilation terminated.
configure:3813: $? = 1
configure: failed program was:
| /* confdefs.h.  */
| #define PACKAGE_NAME "string_f"
| #define PACKAGE_TARNAME "string_f"
| #define PACKAGE_VERSION "1.0"
| #define PACKAGE_STRING "string_f 1.0"
| #define PACKAGE_BUGREPORT "octopus-devel@tddft.org"
| #define PACKAGE "string_f"
| #define VERSION "1.0"
| /* end confdefs.h.  */
| #include <ac_nonexistent.h>
configure:3853: checking for grep that handles long lines and -e
configure:3913: result: /bin/grep
configure:3918: checking for egrep
configure:3982: result: /bin/grep -E
configure:3987: checking for ANSI C header files
configure:4017: gcc -c -g -O2  conftest.c >&5
configure:4024: $? = 0
configure:4123: gcc -o conftest -g -O2   conftest.c  >&5
configure:4127: $? = 0
configure:4133: ./conftest
configure:4137: $? = 0
configure:4155: result: yes
configure:4179: checking for sys/types.h
configure:4200: gcc -c -g -O2  conftest.c >&5
configure:4207: $? = 0
configure:4224: result: yes
configure:4179: checking for sys/stat.h
configure:4200: gcc -c -g -O2  conftest.c >&5
configure:4207: $? = 0
configure:4224: result: yes
configure:4179: checking for stdlib.h
configure:4200: gcc -c -g -O2  conftest.c >&5
configure:4207: $? = 0
configure:4224: result: yes
configure:4179: checking for string.h
configure:4200: gcc -c -g -O2  conftest.c >&5
configure:4207: $? = 0
configure:4224: result: yes
configure:4179: checking for memory.h
configure:4200: gcc -c -g -O2  conftest.c >&5
configure:4207: $? = 0
configure:4224: result: yes
configure:4179: checking for strings.h
configure:4200: gcc -c -g -O2  conftest.c >&5
configure:4207: $? = 0
configure:4224: result: yes
configure:4179: checking for inttypes.h
configure:4200: gcc -c -g -O2  conftest.c >&5
configure:4207: $? = 0
configure:4224: result: yes
configure:4179: checking for stdint.h
configure:4200: gcc -c -g -O2  conftest.c >&5
configure:4207: $? = 0
configure:4224: result: yes
configure:4179: checking for unistd.h
configure:4200: gcc -c -g -O2  conftest.c >&5
configure:4207: $? = 0
configure:4224: result: yes
configure:4240: checking for working alloca.h
configure:4267: gcc -o conftest -g -O2   conftest.c  >&5
configure:4274: $? = 0
configure:4294: result: yes
configure:4304: checking for alloca
configure:4351: gcc -o conftest -g -O2   conftest.c  >&5
configure:4358: $? = 0
configure:4378: result: yes
configure:4621: checking for malloc
configure:4677: gcc -o conftest -g -O2   conftest.c  >&5
conftest.c:45:6: warning: conflicting types for built-in function 'malloc' [-Wbuiltin-declaration-mismatch]
 char malloc ();
      ^~~~~~
configure:4684: $? = 0
configure:4706: result: yes
configure:4873: creating ./config.status

## ---------------------- ##
## Running config.status. ##
## ---------------------- ##

This file was extended by string_f config.status 1.0, which was
generated by GNU Autoconf 2.63.  Invocation command line was

  CONFIG_FILES    = 
  CONFIG_HEADERS  = 
  CONFIG_LINKS    = 
  CONFIG_COMMANDS = 
  $ ./config.status 

on vm

config.status:702: creating Makefile
config.status:913: executing depfiles commands

## ---------------- ##
## Cache variables. ##
## ---------------- ##

ac_cv_build=x86_64-unknown-linux-gnu
ac_cv_c_compiler_gnu=yes
ac_cv_env_CC_set=
ac_cv_env_CC_value=
ac_cv_env_CFLAGS_set=
ac_cv_env_CFLAGS_value=
ac_cv_env_CPPFLAGS_set=
ac_cv_env_CPPFLAGS_value=
ac_cv_env_CPP_set=
ac_cv_env_CPP_value=
ac_cv_env_LDFLAGS_set=
ac_cv_env_LDFLAGS_value=
ac_cv_env_LIBS_set=
ac_cv_env_LIBS_value=
ac_cv_env_build_alias_set=
ac_cv_env_build_alias_value=
ac_cv_env_host_alias_set=
ac_cv_env_host_alias_value=
ac_cv_env_target_alias_set=
ac_cv_env_target_alias_value=
ac_cv_func_alloca_works=yes
ac_cv_func_malloc=yes
ac_cv_header_inttypes_h=yes
ac_cv_header_memory_h=yes
ac_cv_header_stdc=yes
ac_cv_header_stdint_h=yes
ac_cv_header_stdlib_h=yes
ac_cv_header_string_h=yes
ac_cv_header_strings_h=yes
ac_cv_header_sys_stat_h=yes
ac_cv_header_sys_types_h=yes
ac_cv_header_unistd_h=yes
ac_cv_host=x86_64-unknown-linux-gnu
ac_cv_objext=o
ac_cv_path_EGREP='/bin/grep -E'
ac_cv_path_GREP=/bin/grep
ac_cv_path_install='/usr/bin/install -c'
ac_cv_path_mkdir=/bin/mkdir
ac_cv_prog_AWK=gawk
ac_cv_prog_CPP='gcc -E'
ac_cv_prog_ac_ct_CC=gcc
ac_cv_prog_ac_ct_RANLIB=ranlib
ac_cv_prog_cc_c89=
ac_cv_prog_cc_g=yes
ac_cv_prog_make_make_set=yes
ac_cv_working_alloca_h=yes
am_cv_CC_dependencies_compiler_type=gcc3

## ----------------- ##
## Output variables. ##
## ----------------- ##

ACLOCAL='${SHELL} /home/weiwei/Documents/NanoGW/NanoGW_optimized2-master/LIB/libstring_f/missing --run aclocal-1.10'
ALLOCA=''
AMDEPBACKSLASH='\'
AMDEP_FALSE='#'
AMDEP_TRUE=''
AMTAR='${SHELL} /home/weiwei/Documents/NanoGW/NanoGW_optimized2-master/LIB/libstring_f/missing --run tar'
AUTOCONF='${SHELL} /home/weiwei/Documents/NanoGW/NanoGW_optimized2-master/LIB/libstring_f/missing --run autoconf'
AUTOHEADER='${SHELL} /home/weiwei/Documents/NanoGW/NanoGW_optimized2-master/LIB/libstring_f/missing --run autoheader'
AUTOMAKE='${SHELL} /home/weiwei/Documents/NanoGW/NanoGW_optimized2-master/LIB/libstring_f/missing --run automake-1.10'
AWK='gawk'
CC='gcc'
CCDEPMODE='depmode=gcc3'
CFLAGS='-g -O2'
CPP='gcc -E'
CPPFLAGS=''
CYGPATH_W='echo'
DEFS='-DPACKAGE_NAME=\"string_f\" -DPACKAGE_TARNAME=\"string_f\" -DPACKAGE_VERSION=\"1.0\" -DPACKAGE_STRING=\"string_f\ 1.0\" -DPACKAGE_BUGREPORT=\"octopus-devel@tddft.org\" -DPACKAGE=\"string_f\" -DVERSION=\"1.0\" -DSTDC_HEADERS=1 -DHAVE_SYS_TYPES_H=1 -DHAVE_SYS_STAT_H=1 -DHAVE_STDLIB_H=1 -DHAVE_STRING_H=1 -DHAVE_MEMORY_H=1 -DHAVE_STRINGS_H=1 -DHAVE_INTTYPES_H=1 -DHAVE_STDINT_H=1 -DHAVE_UNISTD_H=1 -DHAVE_ALLOCA_H=1 -DHAVE_ALLOCA=1 -DHAVE_MALLOC=1'
DEPDIR='.deps'
ECHO_C=''
ECHO_N='-n'
ECHO_T=''
EGREP='/bin/grep -E'
EXEEXT=''
GREP='/bin/grep'
INSTALL_DATA='${INSTALL} -m 644'
INSTALL_PROGRAM='${INSTALL}'
INSTALL_SCRIPT='${INSTALL}'
INSTALL_STRIP_PROGRAM='$(install_sh) -c -s'
LDFLAGS=''
LIBOBJS=''
LIBS=''
LTLIBOBJS=''
MAKEINFO='${SHELL} /home/weiwei/Documents/NanoGW/NanoGW_optimized2-master/LIB/libstring_f/missing --run makeinfo'
MKDIR_P='/bin/mkdir -p'
OBJEXT='o'
PACKAGE='string_f'
PACKAGE_BUGREPORT='octopus-devel@tddft.org'
PACKAGE_NAME='string_f'
PACKAGE_STRING='string_f 1.0'
PACKAGE_TARNAME='string_f'
PACKAGE_VERSION='1.0'
PATH_SEPARATOR=':'
RANLIB='ranlib'
SET_MAKE=''
SHELL='/bin/bash'
STRIP=''
VERSION='1.0'
ac_ct_CC='gcc'
am__fastdepCC_FALSE='#'
am__fastdepCC_TRUE=''
am__include='include'
am__isrc=''
am__leading_dot='.'
am__quote=''
am__tar='${AMTAR} chof - "$$tardir"'
am__untar='${AMTAR} xf -'
bindir='${exec_prefix}/bin'
build='x86_64-unknown-linux-gnu'
build_alias=''
build_cpu='x86_64'
build_os='linux-gnu'
build_vendor='unknown'
datadir='${datarootdir}'
datarootdir='${prefix}/share'
docdir='${datarootdir}/doc/${PACKAGE_TARNAME}'
dvidir='${docdir}'
exec_prefix='${prefix}'
host='x86_64-unknown-linux-gnu'
host_alias=''
host_cpu='x86_64'
host_os='linux-gnu'
host_vendor='unknown'
htmldir='${docdir}'
includedir='${prefix}/include'
infodir='${datarootdir}/info'
install_sh='$(SHELL) /home/weiwei/Documents/NanoGW/NanoGW_optimized2-master/LIB/libstring_f/install-sh'
libdir='${exec_prefix}/lib'
libexecdir='${exec_prefix}/libexec'
localedir='${datarootdir}/locale'
localstatedir='${prefix}/var'
mandir='${datarootdir}/man'
mkdir_p='/bin/mkdir -p'
oldincludedir='/usr/include'
pdfdir='${docdir}'
prefix='/opt/etsf'
program_transform_name='s,x,x,'
psdir='${docdir}'
sbindir='${exec_prefix}/sbin'
sharedstatedir='${prefix}/com'
sysconfdir='${prefix}/etc'
target_alias=''

## ----------- ##
## confdefs.h. ##
## ----------- ##

#define PACKAGE_NAME "string_f"
#define PACKAGE_TARNAME "string_f"
#define PACKAGE_VERSION "1.0"
#define PACKAGE_STRING "string_f 1.0"
#define PACKAGE_BUGREPORT "octopus-devel@tddft.org"
#define PACKAGE "string_f"
#define VERSION "1.0"
#define STDC_HEADERS 1
#define HAVE_SYS_TYPES_H 1
#define HAVE_SYS_STAT_H 1
#define HAVE_STDLIB_H 1
#define HAVE_STRING_H 1
#define HAVE_MEMORY_H 1
#define HAVE_STRINGS_H 1
#define HAVE_INTTYPES_H 1
#define HAVE_STDINT_H 1
#define HAVE_UNISTD_H 1
#define HAVE_ALLOCA_H 1
#define HAVE_ALLOCA 1
#define HAVE_MALLOC 1

configure: exit 0
